 +++++++++++++++++++++ 2 genes read  +++++++++++++++++++++ 
 --------------------- g1 --------------------- 
g1 on 	-	 strand of Contig0 phase: 0 start/end 4358 -> 9245
     17 exons, 16 introns.
   CDS Start: 0, CDS len: 0
------ exon start/end --------
------ intron start/end --------

 --------------------- g2 --------------------- 
g2 on 	+	 strand of Contig0 phase: 0 start/end 11716 -> 15068
     4 exons, 3 introns.
   CDS Start: 0, CDS len: 0
------ exon start/end --------
------ intron start/end --------


Time to read:  0.0
GTF file contains: 2 genes.
 +++++++++++++++++++++ 2 genes read  +++++++++++++++++++++ 
 --------------------- g1 --------------------- 
g1 on 	-	 strand of Contig0 phase: 0 start/end 4358 -> 9245
     17 exons, 16 introns.
   CDS Start: 0, CDS len: 17
------ exon start/end --------
g1.x0	@0|1:   	G
g1.x1	@0|1:   	G
g1.x2	@0|1:   	G
g1.x3	@0|1:   	G
g1.x4	@0|1:   	G
g1.x5	@0|1:   	G
g1.x6	@0|1:   	G
g1.x7	@0|1:   	G
g1.x8	@0|1:   	G
g1.x9	@0|1:   	G
g1.x10	@0|1:   	G
g1.x11	@0|1:   	G
g1.x12	@0|1:   	G
g1.x13	@0|1:   	G
g1.x14	@0|1:   	G
g1.x15	@0|1:   	G
g1.x16	@0|1:   	G
------ intron start/end --------
1181408190	@4358|1:   	G
9750124980	@4358|1:   	G
8082530120	@4358|1:   	G
894319690	@4358|1:   	G
2521699110	@4358|1:   	G
1019734210	@4358|1:   	G
853251040	@4358|1:   	G
601419580	@4358|1:   	G
1631578840	@4358|1:   	G
9567258900	@4358|1:   	G
565735970	@4358|1:   	G
7356000540	@4358|1:   	G
16856690	@4358|1:   	G
1339270020	@4358|1:   	G
8360192400	@4358|1:   	G
250408040	@4358|1:   	G

 --------------------- g2 --------------------- 
g2 on 	+	 strand of Contig0 phase: 0 start/end 11716 -> 15068
     4 exons, 3 introns.
   CDS Start: 0, CDS len: 4
------ exon start/end --------
g2.x0	@0|1:   	G
g2.x1	@0|1:   	G
g2.x2	@0|1:   	G
g2.x3	@0|1:   	G
------ intron start/end --------
5817815760	@11716|1:   	G
7251548390	@11716|1:   	G
6706755630	@11716|1:   	G


